<?xml version="1.0" encoding="UTF-8"?>
<!-- Generated by org.testng.reporters.JUnitXMLReporter -->
<testsuite ignored="0" hostname="DESKTOP-QQCVJDN" failures="0" tests="5" name="opencart" time="2.287" errors="0" timestamp="2026-01-16T18:48:07 GET">
  <testcase classname="testBase.BaseClass" name="@BeforeClass setup" time="-1.768574885331E9">
    <failure type="org.testng.TestNGException" message="
Parameter &amp;apos;windows&amp;apos; is required by BeforeClass on method setup but has not been marked @Optional or defined
in C:\Users\User\AppData\Local\JetBrains\IdeaIC2025.2\temp-testng-customsuite.xml">
      <![CDATA[org.testng.TestNGException: 
Parameter 'windows' is required by BeforeClass on method setup but has not been marked @Optional or defined
in C:\Users\User\AppData\Local\JetBrains\IdeaIC2025.2\temp-testng-customsuite.xml
at java.base/java.util.ArrayList.forEach(ArrayList.java:1511)
at com.intellij.rt.testng.IDEARemoteTestNG.run(IDEARemoteTestNG.java:65)
at com.intellij.rt.testng.RemoteTestNGStarter.main(RemoteTestNGStarter.java:105)
... Removed 19 stack frames]]>
    </failure>
  </testcase> <!-- @BeforeClass setup -->
  <testcase classname="testBase.BaseClass" name="@AfterClass teardown" time="0.0">
    <skipped/>
  </testcase> <!-- @AfterClass teardown -->
  <testcase classname="testBase.BaseClass" name="@BeforeClass setup" time="-1.768574885438E9">
    <failure type="org.testng.TestNGException" message="
Parameter &amp;apos;windows&amp;apos; is required by BeforeClass on method setup but has not been marked @Optional or defined
in C:\Users\User\AppData\Local\JetBrains\IdeaIC2025.2\temp-testng-customsuite.xml">
      <![CDATA[org.testng.TestNGException: 
Parameter 'windows' is required by BeforeClass on method setup but has not been marked @Optional or defined
in C:\Users\User\AppData\Local\JetBrains\IdeaIC2025.2\temp-testng-customsuite.xml
at java.base/java.util.ArrayList.forEach(ArrayList.java:1511)
at com.intellij.rt.testng.IDEARemoteTestNG.run(IDEARemoteTestNG.java:65)
at com.intellij.rt.testng.RemoteTestNGStarter.main(RemoteTestNGStarter.java:105)
... Removed 19 stack frames]]>
    </failure>
  </testcase> <!-- @BeforeClass setup -->
  <testcase classname="testBase.BaseClass" name="@AfterClass teardown" time="0.0">
    <skipped/>
  </testcase> <!-- @AfterClass teardown -->
  <testcase classname="testBase.BaseClass" name="@BeforeClass setup" time="-1.768574885472E9">
    <failure type="org.testng.TestNGException" message="
Parameter &amp;apos;windows&amp;apos; is required by BeforeClass on method setup but has not been marked @Optional or defined
in C:\Users\User\AppData\Local\JetBrains\IdeaIC2025.2\temp-testng-customsuite.xml">
      <![CDATA[org.testng.TestNGException: 
Parameter 'windows' is required by BeforeClass on method setup but has not been marked @Optional or defined
in C:\Users\User\AppData\Local\JetBrains\IdeaIC2025.2\temp-testng-customsuite.xml
at java.base/java.util.ArrayList.forEach(ArrayList.java:1511)
at com.intellij.rt.testng.IDEARemoteTestNG.run(IDEARemoteTestNG.java:65)
at com.intellij.rt.testng.RemoteTestNGStarter.main(RemoteTestNGStarter.java:105)
... Removed 19 stack frames]]>
    </failure>
  </testcase> <!-- @BeforeClass setup -->
  <testcase classname="testBase.BaseClass" name="@AfterClass teardown" time="0.0">
    <skipped/>
  </testcase> <!-- @AfterClass teardown -->
  <testcase classname="testCases.TC001_AccountRegistrationPage" name="verify_account_registration" time="0.0">
    <skipped/>
  </testcase> <!-- verify_account_registration -->
  <testcase classname="testCases.TC002_LoginPage" name="verifyingLoginpage" time="0.0">
    <skipped/>
  </testcase> <!-- verifyingLoginpage -->
  <testcase classname="testCases.TC003_LoginDDT" name="verifying_LoginDDT" time="0.0">
    <skipped/>
  </testcase> <!-- verifying_LoginDDT -->
  <testcase classname="testCases.TC003_LoginDDT" name="verifying_LoginDDT" time="0.0">
    <skipped/>
  </testcase> <!-- verifying_LoginDDT -->
  <testcase classname="testCases.TC003_LoginDDT" name="verifying_LoginDDT" time="0.0">
    <skipped/>
  </testcase> <!-- verifying_LoginDDT -->
</testsuite> <!-- opencart -->
